<?xml version="1.0" encoding="UTF-8"?>
<!-- Generated by org.testng.reporters.JUnitXMLReporter -->
<testsuite hostname="DESKTOP-IUTETS9" ignored="0" name="Default test" tests="3" failures="0" timestamp="13 Aug 2019 17:30:06 GMT" time="5.307" errors="0">
  <testcase name="postData" time="3.497" classname="com.wbl.test.PostTest"/>
  <testcase name="postData" time="0.422" classname="com.wbl.test.PostTest"/>
  <testcase name="postData" time="0.461" classname="com.wbl.test.PostTest"/>
</testsuite> <!-- Default test -->
