<?xml version="1.0" encoding="UTF-8"?>
<testng-results skipped="0" failed="0" ignored="0" total="3" passed="3">
  <reporter-output>
  </reporter-output>
  <suite name="Default suite" duration-ms="5307" started-at="2019-08-13T17:30:01Z" finished-at="2019-08-13T17:30:06Z">
    <groups>
    </groups>
    <test name="Default test" duration-ms="5307" started-at="2019-08-13T17:30:01Z" finished-at="2019-08-13T17:30:06Z">
      <class name="com.wbl.test.PostTest">
        <test-method status="PASS" signature="beforeTest()[pri:0, instance:com.wbl.test.PostTest@604ed9f0]" name="beforeTest" is-config="true" duration-ms="20" started-at="2019-08-13T17:30:01Z" finished-at="2019-08-13T17:30:01Z">
          <reporter-output>
          </reporter-output>
        </test-method> <!-- beforeTest -->
        <test-method status="PASS" signature="postData(java.lang.String, java.lang.String)[pri:0, instance:com.wbl.test.PostTest@604ed9f0]" name="postData" duration-ms="3497" started-at="2019-08-13T17:30:02Z" data-provider="data" finished-at="2019-08-13T17:30:05Z">
          <params>
            <param index="0">
              <value>
                <![CDATA[peter]]>
              </value>
            </param>
            <param index="1">
              <value>
                <![CDATA[qa]]>
              </value>
            </param>
          </params>
          <reporter-output>
          </reporter-output>
        </test-method> <!-- postData -->
        <test-method status="PASS" signature="postData(java.lang.String, java.lang.String)[pri:0, instance:com.wbl.test.PostTest@604ed9f0]" name="postData" duration-ms="422" started-at="2019-08-13T17:30:05Z" data-provider="data" finished-at="2019-08-13T17:30:06Z">
          <params>
            <param index="0">
              <value>
                <![CDATA[john]]>
              </value>
            </param>
            <param index="1">
              <value>
                <![CDATA[ui]]>
              </value>
            </param>
          </params>
          <reporter-output>
          </reporter-output>
        </test-method> <!-- postData -->
        <test-method status="PASS" signature="postData(java.lang.String, java.lang.String)[pri:0, instance:com.wbl.test.PostTest@604ed9f0]" name="postData" duration-ms="461" started-at="2019-08-13T17:30:06Z" data-provider="data" finished-at="2019-08-13T17:30:06Z">
          <params>
            <param index="0">
              <value>
                <![CDATA[morphen]]>
              </value>
            </param>
            <param index="1">
              <value>
                <![CDATA[devops]]>
              </value>
            </param>
          </params>
          <reporter-output>
          </reporter-output>
        </test-method> <!-- postData -->
      </class> <!-- com.wbl.test.PostTest -->
    </test> <!-- Default test -->
  </suite> <!-- Default suite -->
</testng-results>
